mode: set
github.com/unicsmcr/hs_auth/environment/environment.go:21.38,34.2 2 1
github.com/unicsmcr/hs_auth/environment/environment.go:42.49,44.2 1 1
github.com/unicsmcr/hs_auth/environment/environment.go:46.63,48.22 2 1
github.com/unicsmcr/hs_auth/environment/environment.go:52.2,52.15 1 1
github.com/unicsmcr/hs_auth/environment/environment.go:48.22,50.3 1 1
github.com/unicsmcr/hs_auth/utils/auth/auth.go:15.51,17.96 2 1
github.com/unicsmcr/hs_auth/utils/auth/auth.go:21.2,21.16 1 1
github.com/unicsmcr/hs_auth/utils/auth/auth.go:25.2,26.16 2 1
github.com/unicsmcr/hs_auth/utils/auth/auth.go:29.2,33.16 2 1
github.com/unicsmcr/hs_auth/utils/auth/auth.go:37.2,37.41 1 1
github.com/unicsmcr/hs_auth/utils/auth/auth.go:17.96,19.3 1 1
github.com/unicsmcr/hs_auth/utils/auth/auth.go:21.16,23.3 1 1
github.com/unicsmcr/hs_auth/utils/auth/auth.go:26.16,28.3 1 0
github.com/unicsmcr/hs_auth/utils/auth/auth.go:33.16,35.3 1 0
github.com/unicsmcr/hs_auth/utils/auth/auth.go:41.81,42.22 1 1
github.com/unicsmcr/hs_auth/utils/auth/auth.go:46.2,54.35 2 1
github.com/unicsmcr/hs_auth/utils/auth/auth.go:42.22,44.3 1 1
github.com/unicsmcr/hs_auth/config/config.go:15.61,19.48 4 1
github.com/unicsmcr/hs_auth/config/config.go:24.2,25.16 2 1
github.com/unicsmcr/hs_auth/config/config.go:29.2,32.18 3 1
github.com/unicsmcr/hs_auth/config/config.go:19.48,21.3 1 1
github.com/unicsmcr/hs_auth/config/config.go:21.8,21.54 1 1
github.com/unicsmcr/hs_auth/config/config.go:21.54,23.3 1 1
github.com/unicsmcr/hs_auth/config/config.go:25.16,27.3 1 0
github.com/unicsmcr/hs_auth/utils/database.go:16.76,29.16 4 0
github.com/unicsmcr/hs_auth/utils/database.go:33.2,36.16 4 0
github.com/unicsmcr/hs_auth/utils/database.go:40.2,41.16 2 0
github.com/unicsmcr/hs_auth/utils/database.go:44.2,46.35 2 0
github.com/unicsmcr/hs_auth/utils/database.go:29.16,31.3 1 0
github.com/unicsmcr/hs_auth/utils/database.go:36.16,38.3 1 0
github.com/unicsmcr/hs_auth/utils/database.go:41.16,43.3 1 0
github.com/unicsmcr/hs_auth/utils/logger.go:12.39,13.50 1 1
github.com/unicsmcr/hs_auth/utils/logger.go:16.2,16.29 1 1
github.com/unicsmcr/hs_auth/utils/logger.go:13.50,15.3 1 1
github.com/unicsmcr/hs_auth/routers/api/models/router.go:25.50,29.2 2 1
github.com/unicsmcr/hs_auth/routers/api/models/error.go:10.35,12.2 1 1
github.com/unicsmcr/hs_auth/routers/api/models/error.go:15.51,20.2 1 1
github.com/unicsmcr/hs_auth/routers/api/models/error.go:23.61,25.2 1 1
github.com/unicsmcr/hs_auth/routers/api/v1/users.go:21.50,23.16 2 1
github.com/unicsmcr/hs_auth/routers/api/v1/users.go:29.2,34.4 1 1
github.com/unicsmcr/hs_auth/routers/api/v1/users.go:23.16,27.3 3 1
github.com/unicsmcr/hs_auth/routers/api/v1/users.go:45.47,47.17 2 1
github.com/unicsmcr/hs_auth/routers/api/v1/users.go:53.2,54.20 2 1
github.com/unicsmcr/hs_auth/routers/api/v1/users.go:60.2,61.16 2 1
github.com/unicsmcr/hs_auth/routers/api/v1/users.go:72.2,73.16 2 1
github.com/unicsmcr/hs_auth/routers/api/v1/users.go:79.2,85.4 2 1
github.com/unicsmcr/hs_auth/routers/api/v1/users.go:47.17,51.3 3 1
github.com/unicsmcr/hs_auth/routers/api/v1/users.go:54.20,58.3 3 1
github.com/unicsmcr/hs_auth/routers/api/v1/users.go:61.16,62.53 1 1
github.com/unicsmcr/hs_auth/routers/api/v1/users.go:69.3,69.9 1 1
github.com/unicsmcr/hs_auth/routers/api/v1/users.go:62.53,65.4 2 1
github.com/unicsmcr/hs_auth/routers/api/v1/users.go:65.9,68.4 2 0
github.com/unicsmcr/hs_auth/routers/api/v1/users.go:73.16,77.3 3 0
github.com/unicsmcr/hs_auth/routers/api/v1/users.go:92.48,96.11 3 1
github.com/unicsmcr/hs_auth/routers/api/v1/users.go:96.11,102.3 1 1
github.com/unicsmcr/hs_auth/routers/api/v1/users.go:102.8,109.3 1 1
github.com/unicsmcr/hs_auth/routers/api/v1/router.go:27.109,33.2 1 1
github.com/unicsmcr/hs_auth/routers/api/v1/router.go:36.68,44.2 5 1
github.com/unicsmcr/hs_auth/routers/router.go:24.79,29.2 1 1
github.com/unicsmcr/hs_auth/routers/router.go:32.67,37.2 3 1
